<?xml version="1.0" encoding="UTF-8"?>
<!-- Generated by org.testng.reporters.JUnitReportReporter -->
<testsuite hostname="TYSS-Vyshale" failures="0" tests="4" name="letcode.com.ToWorkWithGroups" time="0.012" errors="0" timestamp="2024-07-19T10:10:11 IST" skipped="0">
  <testcase classname="letcode.com.ToWorkWithGroups" name="search" time="0.002"/>
  <testcase classname="letcode.com.ToWorkWithGroups" name="cart" time="0.007"/>
  <testcase classname="letcode.com.ToWorkWithGroups" name="signup" time="0.001"/>
  <testcase classname="letcode.com.ToWorkWithGroups" name="signin" time="0.002"/>
</testsuite> <!-- letcode.com.ToWorkWithGroups -->
