<?xml version="1.0" encoding="UTF-8"?>
<!-- Generated by org.testng.reporters.JUnitReportReporter -->
<testsuite hostname="TYSS-Vyshale" failures="0" tests="4" name="letcode.com.ToWorkWithPriority" time="0.010" errors="0" timestamp="2024-07-23T12:13:09 IST" skipped="0">
  <testcase classname="letcode.com.ToWorkWithPriority" name="signup" time="0.006"/>
  <testcase classname="letcode.com.ToWorkWithPriority" name="signin" time="0.002"/>
  <testcase classname="letcode.com.ToWorkWithPriority" name="cart" time="0.001"/>
  <testcase classname="letcode.com.ToWorkWithPriority" name="logout" time="0.001"/>
</testsuite> <!-- letcode.com.ToWorkWithPriority -->
