<?xml version="1.0" encoding="UTF-8"?>
<!-- Generated by org.testng.reporters.JUnitReportReporter -->
<testsuite hostname="TYSS-Vyshale" failures="0" tests="1" name="letcode.com.Hey" time="0.008" errors="0" timestamp="2024-07-17T13:12:34 IST" skipped="0">
  <testcase classname="letcode.com.Hey" name="get" time="0.008"/>
</testsuite> <!-- letcode.com.Hey -->
