<?xml version="1.0" encoding="UTF-8"?>
<!-- Generated by org.testng.reporters.JUnitReportReporter -->
<testsuite hostname="TYSS-Vyshale" failures="0" tests="1" name="LearnAnnotations.TestNGFlow" time="0.005" errors="0" timestamp="2024-07-23T10:46:00 IST" skipped="0">
  <testcase classname="LearnAnnotations.TestNGFlow" name="test" time="0.005"/>
</testsuite> <!-- LearnAnnotations.TestNGFlow -->
