<?xml version="1.0" encoding="UTF-8"?>
<!-- Generated by org.testng.reporters.JUnitReportReporter -->
<testsuite hostname="TYSS-Vyshale" failures="0" tests="1" name="letcode.com.ToWorkWithDragAndDrop" time="9.694" errors="0" timestamp="2024-07-18T10:19:55 IST" skipped="0">
  <testcase classname="letcode.com.ToWorkWithDragAndDrop" name="dragAndDrop" time="9.694"/>
</testsuite> <!-- letcode.com.ToWorkWithDragAndDrop -->
