<?xml version="1.0" encoding="UTF-8"?>
<!-- Generated by org.testng.reporters.JUnitReportReporter -->
<testsuite hostname="TYSS-Vyshale" failures="0" tests="1" name="letcode.com.ToWorkWithParameters" time="4.387" errors="0" timestamp="2024-07-19T12:32:34 IST" skipped="0">
  <testcase classname="letcode.com.ToWorkWithParameters" name="login" time="4.387"/>
</testsuite> <!-- letcode.com.ToWorkWithParameters -->
