<?xml version="1.0" encoding="UTF-8"?>
<!-- Generated by org.testng.reporters.JUnitReportReporter -->
<testsuite hostname="TYSS-Vyshale" failures="0" tests="1" name="letcode.com.ToWorkWithFindElements" time="6.869" errors="0" timestamp="2024-07-18T10:19:55 IST" skipped="0">
  <testcase classname="letcode.com.ToWorkWithFindElements" name="cricket" time="6.869"/>
</testsuite> <!-- letcode.com.ToWorkWithFindElements -->
