<?xml version="1.0" encoding="UTF-8"?>
<!-- Generated by org.testng.reporters.JUnitReportReporter -->
<testsuite hostname="TYSS-Vyshale" failures="0" tests="2" name="letcode.com.ToWotkWithDetailedDP" time="11.015" errors="0" timestamp="2024-07-25T14:45:39 IST" skipped="0">
  <testcase classname="letcode.com.ToWotkWithDetailedDP" name="login" time="5.114"/>
  <testcase classname="letcode.com.ToWotkWithDetailedDP" name="login" time="5.901"/>
</testsuite> <!-- letcode.com.ToWotkWithDetailedDP -->
